1681058232.563942 client started (3967016): version 3.0a, socket /tmp//tmux-1001/default, protocol 8
1681058232.563996 on Linux 5.15.0-67-generic #74~20.04.1-Ubuntu SMP Wed Feb 22 14:52:34 UTC 2023; libevent 2.1.11-stable (poll)
1681058232.564029 socket is /tmp//tmux-1001/default
1681058232.564051 trying connect
1681058232.564173 add peer 0x559bef972a70: 6 ((nil))
1681058232.564315 sending message 100 to peer 0x559bef972a70 (4 bytes)
1681058232.564333 sending message 101 to peer 0x559bef972a70 (14 bytes)
1681058232.564343 sending message 102 to peer 0x559bef972a70 (12 bytes)
1681058232.564351 sending message 108 to peer 0x559bef972a70 (25 bytes)
1681058232.564361 sending message 104 to peer 0x559bef972a70 (0 bytes)
1681058232.564370 sending message 107 to peer 0x559bef972a70 (4 bytes)
1681058232.564380 sending message 105 to peer 0x559bef972a70 (54 bytes)
1681058232.564389 sending message 105 to peer 0x559bef972a70 (57 bytes)
1681058232.564398 sending message 105 to peer 0x559bef972a70 (16 bytes)
1681058232.564407 sending message 105 to peer 0x559bef972a70 (17 bytes)
1681058232.564415 sending message 105 to peer 0x559bef972a70 (18 bytes)
1681058232.564424 sending message 105 to peer 0x559bef972a70 (18 bytes)
1681058232.564433 sending message 105 to peer 0x559bef972a70 (25 bytes)
1681058232.564441 sending message 105 to peer 0x559bef972a70 (22 bytes)
1681058232.564450 sending message 105 to peer 0x559bef972a70 (19 bytes)
1681058232.564459 sending message 105 to peer 0x559bef972a70 (15 bytes)
1681058232.564467 sending message 105 to peer 0x559bef972a70 (18 bytes)
1681058232.564475 sending message 105 to peer 0x559bef972a70 (16 bytes)
1681058232.564489 sending message 105 to peer 0x559bef972a70 (20 bytes)
1681058232.564497 sending message 105 to peer 0x559bef972a70 (14 bytes)
1681058232.564506 sending message 105 to peer 0x559bef972a70 (8 bytes)
1681058232.564514 sending message 105 to peer 0x559bef972a70 (13 bytes)
1681058232.564522 sending message 105 to peer 0x559bef972a70 (32 bytes)
1681058232.564532 sending message 105 to peer 0x559bef972a70 (1506 bytes)
1681058232.564563 sending message 105 to peer 0x559bef972a70 (15 bytes)
1681058232.564573 sending message 105 to peer 0x559bef972a70 (32 bytes)
1681058232.564581 sending message 105 to peer 0x559bef972a70 (12 bytes)
1681058232.564589 sending message 105 to peer 0x559bef972a70 (11 bytes)
1681058232.564598 sending message 105 to peer 0x559bef972a70 (13 bytes)
1681058232.564608 sending message 105 to peer 0x559bef972a70 (226 bytes)
1681058232.564617 sending message 105 to peer 0x559bef972a70 (29 bytes)
1681058232.564626 sending message 105 to peer 0x559bef972a70 (15 bytes)
1681058232.564635 sending message 105 to peer 0x559bef972a70 (8 bytes)
1681058232.564644 sending message 105 to peer 0x559bef972a70 (34 bytes)
1681058232.564652 sending message 105 to peer 0x559bef972a70 (52 bytes)
1681058232.564661 sending message 105 to peer 0x559bef972a70 (19 bytes)
1681058232.564669 sending message 105 to peer 0x559bef972a70 (19 bytes)
1681058232.564678 sending message 105 to peer 0x559bef972a70 (36 bytes)
1681058232.564686 sending message 105 to peer 0x559bef972a70 (14 bytes)
1681058232.564695 sending message 105 to peer 0x559bef972a70 (51 bytes)
1681058232.564704 sending message 105 to peer 0x559bef972a70 (10 bytes)
1681058232.564713 sending message 105 to peer 0x559bef972a70 (31 bytes)
1681058232.564739 sending message 105 to peer 0x559bef972a70 (23 bytes)
1681058232.564749 sending message 105 to peer 0x559bef972a70 (17 bytes)
1681058232.564758 sending message 105 to peer 0x559bef972a70 (21 bytes)
1681058232.564767 sending message 105 to peer 0x559bef972a70 (26 bytes)
1681058232.564778 sending message 105 to peer 0x559bef972a70 (38 bytes)
1681058232.564787 sending message 105 to peer 0x559bef972a70 (29 bytes)
1681058232.564796 sending message 105 to peer 0x559bef972a70 (16 bytes)
1681058232.564804 sending message 105 to peer 0x559bef972a70 (25 bytes)
1681058232.564812 sending message 105 to peer 0x559bef972a70 (21 bytes)
1681058232.564822 sending message 105 to peer 0x559bef972a70 (74 bytes)
1681058232.564847 sending message 105 to peer 0x559bef972a70 (105 bytes)
1681058232.564857 sending message 105 to peer 0x559bef972a70 (10 bytes)
1681058232.564866 sending message 106 to peer 0x559bef972a70 (0 bytes)
1681058232.564876 sending message 200 to peer 0x559bef972a70 (4 bytes)
1681058232.564885 client loop enter
1681058232.565833 peer 0x559bef972a70 message 211
1681058232.565863 client_write: sessions should be nested with care, unset $TMUX to force\n
1681058232.565891 peer 0x559bef972a70 message 203
1681058232.565904 client loop exit
